<?xml version="1.0" encoding="UTF-8"?>
<!-- Generated by org.testng.reporters.JUnitReportReporter -->
<testsuite hostname="DESKTOP-ERFSBDT" failures="0" tests="1" name="Runnerscript.Properties1" time="0.013" errors="0" timestamp="2023-06-23T09:00:20 IST" skipped="0">
  <testcase classname="Runnerscript.Properties1" name="test1" time="0.013"/>
</testsuite> <!-- Runnerscript.Properties1 -->
